[INFO] filename=helmrelease.yaml kustomization_name=gateway git_message=Update dev-nodejs-blue image tag to 58bffd4 from latest
[INFO] filename=helmrelease.yaml kustomization_name=nodejs git_message=Update dev-nodejs-blue image tag to 58bffd4 from 58bffd4
[INFO] filename=helmrelease.yaml kustomization_name=dev-app-nodejs git_message=Update dev-nodejs-blue image tag to 58bffd4 from 58bffd4
[INFO] filename=helmrelease.yaml kustomization_name=dev-app-nodejs git_message=Update dev-nodejs-blue image tag to c73f631 from 58bffd4
[INFO] filename=helmrelease.yaml kustomization_name=dev-app-nodejs git_message=Update dev-nodejs-blue image tag to 54f68d4 from c73f631
[INFO] filename=helmrelease.yaml kustomization_name=dev-app-nodejs git_message=Update dev-nodejs-blue image tag to 6aaff18 from 54f68d4
[INFO] filename=helmrelease.yaml kustomization_name=dev-app-nodejs git_message=Update dev-nodejs-blue image tag to 47e3bab from 6aaff18
[INFO] filename=ingress.yaml kustomization_name=nodejs git_message=Update ingress with backend service name dev-nodejs-blue
[INFO] filename=helmrelease.yaml kustomization_name=dev-app-nodejs git_message=Update dev-nodejs-green image tag to 01dec62 from latest
[INFO] filename=ingress.yaml kustomization_name=dev-app-nodejs git_message=Update ingress with backend service name dev-nodejs-green
[INFO] filename=helmrelease.yaml kustomization_name=dev-app-nodejs git_message=Update dev-nodejs-blue image tag to a49848b from 47e3bab
[INFO] filename=ingress.yaml kustomization_name=dev-app-nodejs git_message=Update ingress with backend service name dev-nodejs-blue
[INFO] filename=helmrelease.yaml kustomization_name=dev-app-nodejs git_message=Update dev-nodejs-green image tag to 6d00e29 from 01dec62
[INFO] filename=ingress.yaml kustomization_name=dev-app-nodejs git_message=Update ingress with backend service name dev-nodejs-green
[INFO] filename=helmrelease.yaml kustomization_name=dev-app-nodejs git_message=Update dev-nodejs-blue image tag to a0fc1bc from a49848b
[INFO] filename=ingress.yaml kustomization_name=dev-app-nodejs git_message=Update ingress with backend service name dev-nodejs-blue
[INFO] filename=helmrelease.yaml kustomization_name=dev-app-nodejs git_message=Update dev-nodejs-green image tag to c494a8d from 6d00e29
[INFO] filename=ingress.yaml kustomization_name=dev-app-nodejs git_message=Update ingress with backend service name dev-nodejs-green
[INFO] filename=helmrelease.yaml kustomization_name=dev-app-nodejs git_message=Update dev-nodejs-blue image tag to cf816d1 from a0fc1bc
[INFO] filename=ingress.yaml kustomization_name=dev-app-nodejs git_message=Update ingress with backend service name dev-nodejs-blue
[INFO] filename=helmrelease.yaml kustomization_name=dev-app-nodejs git_message=Update dev-nodejs-green image tag to 1cb9a10 from c494a8d
[INFO] filename=ingress.yaml kustomization_name=dev-app-nodejs git_message=Update ingress with backend service name dev-nodejs-green
[INFO] filename=helmrelease.yaml kustomization_name=dev-app-nodejs git_message=Update dev-nodejs-blue image tag to 41f4a7c from cf816d1
[INFO] filename=ingress.yaml kustomization_name=dev-app-nodejs git_message=Update ingress with backend service name dev-nodejs-blue
[INFO] filename=helmrelease.yaml kustomization_name=dev-app-nodejs git_message=Update dev-nodejs-green image tag to cc67dfa from 1cb9a10
[INFO] filename=helmrelease.yaml kustomization_name=dev-app-nodejs git_message=Update dev-nodejs-green image tag to 2258892 from cc67dfa
[INFO] filename=ingress.yaml kustomization_name=dev-app-nodejs git_message=Update ingress with backend service name dev-nodejs-green
[INFO] filename=helmrelease.yaml kustomization_name=dev-app-nodejs git_message=Scale down dev-nodejs-blue to 0
[INFO] filename=op.yaml kustomization_name=dev-app-nodejs git_message=Update dev-nodejs-green image tag to 938611a from 41f4a7c
[INFO] filename=op.yaml kustomization_name=dev-app-nodejs git_message=Update dev-nodejs-green image tag to 2bad89c from 938611a
[INFO] filename=op.yaml kustomization_name=dev-app-nodejs git_message=Update dev-nodejs-green image tag to 1b8e32c from 41f4a7c
[INFO] filename=op.yaml kustomization_name=dev-app-nodejs git_message=Update dev-nodejs-green image tag to 8f0f5c4 from 1b8e32c
[INFO] filename=ingress.yaml kustomization_name=dev-app-nodejs git_message=Update ingress with backend service name dev-nodejs-green
[INFO] filename=op.yaml kustomization_name=dev-app-nodejs git_message=Scale down dev-nodejs-blue to 0
[INFO] filename=op.yaml kustomization_name=dev-app-nodejs git_message=Update dev-nodejs-blue image tag to 9eb7a4e from 134
[INFO] filename=ingress.yaml kustomization_name=dev-app-nodejs git_message=Update ingress with backend service name dev-nodejs-blue
[INFO] filename=op.yaml kustomization_name=dev-app-nodejs git_message=Scale down dev-nodejs-green to 0
[INFO] filename=op.yaml kustomization_name=dev-app-nodejs git_message=Update dev-nodejs-green image tag to 3c17727 from 8f0f5c4
[INFO] filename=ingress.yaml kustomization_name=dev-app-nodejs git_message=Update ingress with backend service name dev-nodejs-green
[INFO] filename=op.yaml kustomization_name=dev-app-nodejs git_message=Scale down dev-nodejs-blue to 0
[INFO] filename=op.yaml kustomization_name=dev-app-nodejs git_message=Update dev-nodejs-blue image tag to 0f1d021 from 9eb7a4e
[INFO] filename=ingress.yaml kustomization_name=dev-app-nodejs git_message=Update ingress with backend service name dev-nodejs-blue
[INFO] filename=op.yaml kustomization_name=dev-app-nodejs git_message=Scale down dev-nodejs-green to 0
[INFO] filename=op.yaml kustomization_name=prod-app-nodejs git_message=Update prod-nodejs-blue image tag to 605d4bb from 9eb7a4e
[INFO] filename=op.yaml kustomization_name=prod-app-nodejs git_message=Update prod-nodejs-green image tag to cbfd7bc from 8f0f5c4
[INFO] filename=op.yaml kustomization_name=prod-app-nodejs git_message=Update prod-nodejs-green image tag to 3af63b6 from cbfd7bc
[INFO] filename=op.yaml kustomization_name=dev-app-nodejs git_message=Update dev-nodejs-green image tag to 5496c1f from 3c17727
[INFO] filename=ingress.yaml kustomization_name=dev-app-nodejs git_message=Update ingress with backend service name dev-nodejs-green
[INFO] filename=op.yaml kustomization_name=dev-app-nodejs git_message=Scale down dev-nodejs-blue to 0
[INFO] filename=op.yaml kustomization_name=dev-app-nodejs git_message=Update dev-nodejs-green image tag to 21358e1 from 5496c1f
[INFO] filename=op.yaml kustomization_name=dev-app-nodejs git_message=Update ingress with backend service name dev-nodejs-green
